🚀 RESEARCH FRONTIERS
==================================================

--- Meta-Learning Theory ---
Base output norm: 3.2530
Adapted output norm: 5.1623
Adaptation magnitude: 4.7561

--- Neural Scaling Laws ---
Scaling law predictions (loss vs model/data size):
Model: 1e+06, Data: 1e+06 → Loss: 1.9191
Model: 1e+06, Data: 1e+07 → Loss: 1.8662
Model: 1e+06, Data: 1e+08 → Loss: 1.8237
Model: 1e+06, Data: 1e+09 → Loss: 1.7896

--- Lottery Ticket Hypothesis ---
Lottery ticket sparsity: 90.0%
Remaining parameters: 499 / 5000

--- Grokking Phenomenon ---
Grokking simulation:
Pre-grokking test loss: 1.5850
Post-grokking test loss: 0.1003
Generalization improvement: 15.8x

--- Emergent Capabilities ---
Emergent capabilities by model size:
simple_arithmetic @ 1e+06 params: 0.000
simple_arithmetic @ 1e+08 params: 1.000
simple_arithmetic @ 1e+10 params: 1.000
complex_reasoning @ 1e+06 params: 0.000
complex_reasoning @ 1e+08 params: 0.500
complex_reasoning @ 1e+10 params: 1.000
few_shot_learning @ 1e+06 params: 0.000
few_shot_learning @ 1e+08 params: 0.007
few_shot_learning @ 1e+10 params: 1.000
emergent_reasoning @ 1e+06 params: 0.000
emergent_reasoning @ 1e+08 params: 0.000
emergent_reasoning @ 1e+10 params: 1.000
