🌌 THEORETICAL LIMITS & FUNDAMENTAL BOUNDARIES
==================================================

--- Information Geometry & Natural Gradients ---
Fisher matrix shape: (18, 18)
Fisher matrix condition number: 0.00

--- Algorithmic Information Theory ---
Random data complexity: {'rle': 51, 'entropy': 12.409680366516113}
Structured data complexity: {'rle': 5, 'entropy': 12.496392250061035}
Compression ratio (random vs structured): 0.99

--- Quantum-Inspired Computation ---
Quantum output shape: (5,)
Probability conservation check: array([0.331316, 0.301801, 0.413861, 0.307641, 0.310585], dtype=float32)
Quantum coherence measure: 0.0791

--- Integrated Information Theory (Φ) ---
Connected network Φ: -1.1416, connectivity: 22.15
Disconnected network Φ: -1.0934, connectivity: 0.60
Consciousness ratio: 1.04

--- Universal Approximation at Infinite Width ---
Universal approximation convergence:
Width   10: Error = 0.955666
Width   50: Error = 0.811940
Width  100: Error = 0.756172
Width  500: Error = 0.820654
Width 1000: Error = 1.127386

--- Thermodynamics of Learning ---
Learning thermodynamics:
initial_energy: 1.937281
final_energy: 1.006868
work_done: 0.930414
efficiency: 0.480268
